<?xml version="1.0" encoding="UTF-8"?>
<testng-results ignored="0" total="3" passed="3" failed="0" skipped="0">
  <reporter-output>
  </reporter-output>
  <suite started-at="2022-02-04T23:05:23 IST" name="Suite" finished-at="2022-02-04T23:06:22 IST" duration-ms="58656">
    <groups>
    </groups>
    <test started-at="2022-02-04T23:05:23 IST" name="Test" finished-at="2022-02-04T23:06:22 IST" duration-ms="58656">
      <class name="Tests.TestClass1">
        <test-method is-config="true" signature="launchDriver()[pri:0, instance:Tests.TestClass1@3246fb96]" started-at="2022-02-04T23:05:23 IST" name="launchDriver" finished-at="2022-02-04T23:05:41 IST" duration-ms="18102" status="PASS">
          <reporter-output>
          </reporter-output>
        </test-method> <!-- launchDriver -->
        <test-method signature="Test1()[pri:0, instance:Tests.TestClass1@3246fb96]" started-at="2022-02-04T23:05:41 IST" name="Test1" finished-at="2022-02-04T23:05:48 IST" duration-ms="6663" status="PASS">
          <reporter-output>
          </reporter-output>
        </test-method> <!-- Test1 -->
        <test-method is-config="true" signature="quit()[pri:0, instance:Tests.TestClass1@3246fb96]" started-at="2022-02-04T23:05:48 IST" name="quit" finished-at="2022-02-04T23:05:49 IST" duration-ms="924" status="PASS">
          <reporter-output>
          </reporter-output>
        </test-method> <!-- quit -->
        <test-method is-config="true" signature="launchDriver()[pri:0, instance:Tests.TestClass1@3246fb96]" started-at="2022-02-04T23:05:49 IST" name="launchDriver" finished-at="2022-02-04T23:05:59 IST" duration-ms="10179" status="PASS">
          <reporter-output>
          </reporter-output>
        </test-method> <!-- launchDriver -->
        <test-method signature="Test2()[pri:0, instance:Tests.TestClass1@3246fb96]" started-at="2022-02-04T23:05:59 IST" name="Test2" finished-at="2022-02-04T23:06:06 IST" duration-ms="6555" status="PASS">
          <reporter-output>
          </reporter-output>
        </test-method> <!-- Test2 -->
        <test-method is-config="true" signature="quit()[pri:0, instance:Tests.TestClass1@3246fb96]" started-at="2022-02-04T23:06:06 IST" name="quit" finished-at="2022-02-04T23:06:07 IST" duration-ms="1314" status="PASS">
          <reporter-output>
          </reporter-output>
        </test-method> <!-- quit -->
        <test-method is-config="true" signature="launchDriver()[pri:0, instance:Tests.TestClass1@3246fb96]" started-at="2022-02-04T23:06:07 IST" name="launchDriver" finished-at="2022-02-04T23:06:16 IST" duration-ms="9022" status="PASS">
          <reporter-output>
          </reporter-output>
        </test-method> <!-- launchDriver -->
        <test-method signature="Test3()[pri:0, instance:Tests.TestClass1@3246fb96]" started-at="2022-02-04T23:06:16 IST" name="Test3" finished-at="2022-02-04T23:06:21 IST" duration-ms="4867" status="PASS">
          <reporter-output>
          </reporter-output>
        </test-method> <!-- Test3 -->
        <test-method is-config="true" signature="quit()[pri:0, instance:Tests.TestClass1@3246fb96]" started-at="2022-02-04T23:06:21 IST" name="quit" finished-at="2022-02-04T23:06:22 IST" duration-ms="922" status="PASS">
          <reporter-output>
          </reporter-output>
        </test-method> <!-- quit -->
      </class> <!-- Tests.TestClass1 -->
    </test> <!-- Test -->
  </suite> <!-- Suite -->
</testng-results>
