<?xml version="1.0" encoding="UTF-8"?>
<testng-results ignored="0" total="3" passed="3" failed="0" skipped="0">
  <reporter-output>
  </reporter-output>
  <suite started-at="2022-02-04T23:04:02 IST" name="Suite" finished-at="2022-02-04T23:04:57 IST" duration-ms="55107">
    <groups>
    </groups>
    <test started-at="2022-02-04T23:04:02 IST" name="Test" finished-at="2022-02-04T23:04:57 IST" duration-ms="55107">
      <class name="Tests.TestClass1">
        <test-method is-config="true" signature="launchDriver()[pri:0, instance:Tests.TestClass1@1613674b]" started-at="2022-02-04T23:04:02 IST" name="launchDriver" finished-at="2022-02-04T23:04:12 IST" duration-ms="10734" status="PASS">
          <reporter-output>
          </reporter-output>
        </test-method> <!-- launchDriver -->
        <test-method signature="Test1()[pri:0, instance:Tests.TestClass1@1613674b]" started-at="2022-02-04T23:04:12 IST" name="Test1" finished-at="2022-02-04T23:04:21 IST" duration-ms="8946" status="PASS">
          <reporter-output>
          </reporter-output>
        </test-method> <!-- Test1 -->
        <test-method is-config="true" signature="quit()[pri:0, instance:Tests.TestClass1@1613674b]" started-at="2022-02-04T23:04:21 IST" name="quit" finished-at="2022-02-04T23:04:22 IST" duration-ms="836" status="PASS">
          <reporter-output>
          </reporter-output>
        </test-method> <!-- quit -->
        <test-method is-config="true" signature="launchDriver()[pri:0, instance:Tests.TestClass1@1613674b]" started-at="2022-02-04T23:04:22 IST" name="launchDriver" finished-at="2022-02-04T23:04:31 IST" duration-ms="8831" status="PASS">
          <reporter-output>
          </reporter-output>
        </test-method> <!-- launchDriver -->
        <test-method signature="Test2()[pri:0, instance:Tests.TestClass1@1613674b]" started-at="2022-02-04T23:04:31 IST" name="Test2" finished-at="2022-02-04T23:04:37 IST" duration-ms="6240" status="PASS">
          <reporter-output>
          </reporter-output>
        </test-method> <!-- Test2 -->
        <test-method is-config="true" signature="quit()[pri:0, instance:Tests.TestClass1@1613674b]" started-at="2022-02-04T23:04:37 IST" name="quit" finished-at="2022-02-04T23:04:39 IST" duration-ms="1405" status="PASS">
          <reporter-output>
          </reporter-output>
        </test-method> <!-- quit -->
        <test-method is-config="true" signature="launchDriver()[pri:0, instance:Tests.TestClass1@1613674b]" started-at="2022-02-04T23:04:39 IST" name="launchDriver" finished-at="2022-02-04T23:04:50 IST" duration-ms="11343" status="PASS">
          <reporter-output>
          </reporter-output>
        </test-method> <!-- launchDriver -->
        <test-method signature="Test3()[pri:0, instance:Tests.TestClass1@1613674b]" started-at="2022-02-04T23:04:50 IST" name="Test3" finished-at="2022-02-04T23:04:56 IST" duration-ms="5646" status="PASS">
          <reporter-output>
          </reporter-output>
        </test-method> <!-- Test3 -->
        <test-method is-config="true" signature="quit()[pri:0, instance:Tests.TestClass1@1613674b]" started-at="2022-02-04T23:04:56 IST" name="quit" finished-at="2022-02-04T23:04:57 IST" duration-ms="1032" status="PASS">
          <reporter-output>
          </reporter-output>
        </test-method> <!-- quit -->
      </class> <!-- Tests.TestClass1 -->
    </test> <!-- Test -->
  </suite> <!-- Suite -->
</testng-results>
